/opt/tadp/android-ndk-r8d/toolchains/arm-linux-androideabi-4.7/prebuilt/linux-x86/bin/arm-linux-androideabi-gcc --sysroot=/opt/tadp/android-ndk-r8d/platforms/android-14/arch-arm -std=c99 -I../gmp/libs/armeabi-v7a/include -I/usr/local/sage/sage-4.5.3/local/include -I../mpfr/libs/armeabi-v7a/include -funroll-loops  -O3 -pedantic -fomit-frame-pointer -Wa,--noexecstack -ffunction-sections -funwind-tables -fstack-protector -fno-strict-aliasing -finline-limit=64 -march=armv7-a -mfloat-abi=softfp -mfpu=vfp -g -O2 -DNDEBUG -o zn_mod.o -c zn_poly/src/zn_mod.c
/opt/tadp/android-ndk-r8d/toolchains/arm-linux-androideabi-4.7/prebuilt/linux-x86/bin/arm-linux-androideabi-gcc --sysroot=/opt/tadp/android-ndk-r8d/platforms/android-14/arch-arm -std=c99 -I../gmp/libs/armeabi-v7a/include -I/usr/local/sage/sage-4.5.3/local/include -I../mpfr/libs/armeabi-v7a/include -funroll-loops  -O3 -pedantic -fomit-frame-pointer -Wa,--noexecstack -ffunction-sections -funwind-tables -fstack-protector -fno-strict-aliasing -finline-limit=64 -march=armv7-a -mfloat-abi=softfp -mfpu=vfp -g -O2 -DNDEBUG -o misc.o -c zn_poly/src/misc.c
/opt/tadp/android-ndk-r8d/toolchains/arm-linux-androideabi-4.7/prebuilt/linux-x86/bin/arm-linux-androideabi-gcc --sysroot=/opt/tadp/android-ndk-r8d/platforms/android-14/arch-arm -std=c99 -I../gmp/libs/armeabi-v7a/include -I/usr/local/sage/sage-4.5.3/local/include -I../mpfr/libs/armeabi-v7a/include -funroll-loops  -O3 -pedantic -fomit-frame-pointer -Wa,--noexecstack -ffunction-sections -funwind-tables -fstack-protector -fno-strict-aliasing -finline-limit=64 -march=armv7-a -mfloat-abi=softfp -mfpu=vfp -g -O2 -DNDEBUG -o mul_ks.o -c zn_poly/src/mul_ks.c
/opt/tadp/android-ndk-r8d/toolchains/arm-linux-androideabi-4.7/prebuilt/linux-x86/bin/arm-linux-androideabi-gcc --sysroot=/opt/tadp/android-ndk-r8d/platforms/android-14/arch-arm -std=c99 -I../gmp/libs/armeabi-v7a/include -I/usr/local/sage/sage-4.5.3/local/include -I../mpfr/libs/armeabi-v7a/include -funroll-loops  -O3 -pedantic -fomit-frame-pointer -Wa,--noexecstack -ffunction-sections -funwind-tables -fstack-protector -fno-strict-aliasing -finline-limit=64 -march=armv7-a -mfloat-abi=softfp -mfpu=vfp -g -O2 -DNDEBUG -o pack.o -c zn_poly/src/pack.c
/opt/tadp/android-ndk-r8d/toolchains/arm-linux-androideabi-4.7/prebuilt/linux-x86/bin/arm-linux-androideabi-gcc --sysroot=/opt/tadp/android-ndk-r8d/platforms/android-14/arch-arm -std=c99 -I../gmp/libs/armeabi-v7a/include -I/usr/local/sage/sage-4.5.3/local/include -I../mpfr/libs/armeabi-v7a/include -funroll-loops  -O3 -pedantic -fomit-frame-pointer -Wa,--noexecstack -ffunction-sections -funwind-tables -fstack-protector -fno-strict-aliasing -finline-limit=64 -march=armv7-a -mfloat-abi=softfp -mfpu=vfp -g -O2 -DNDEBUG -o mul.o -c zn_poly/src/mul.c
/opt/tadp/android-ndk-r8d/toolchains/arm-linux-androideabi-4.7/prebuilt/linux-x86/bin/arm-linux-androideabi-gcc --sysroot=/opt/tadp/android-ndk-r8d/platforms/android-14/arch-arm -std=c99 -I../gmp/libs/armeabi-v7a/include -I/usr/local/sage/sage-4.5.3/local/include -I../mpfr/libs/armeabi-v7a/include -funroll-loops  -O3 -pedantic -fomit-frame-pointer -Wa,--noexecstack -ffunction-sections -funwind-tables -fstack-protector -fno-strict-aliasing -finline-limit=64 -march=armv7-a -mfloat-abi=softfp -mfpu=vfp -g -O2 -DNDEBUG -o mulmid.o -c zn_poly/src/mulmid.c
/opt/tadp/android-ndk-r8d/toolchains/arm-linux-androideabi-4.7/prebuilt/linux-x86/bin/arm-linux-androideabi-gcc --sysroot=/opt/tadp/android-ndk-r8d/platforms/android-14/arch-arm -std=c99 -I../gmp/libs/armeabi-v7a/include -I/usr/local/sage/sage-4.5.3/local/include -I../mpfr/libs/armeabi-v7a/include -funroll-loops  -O3 -pedantic -fomit-frame-pointer -Wa,--noexecstack -ffunction-sections -funwind-tables -fstack-protector -fno-strict-aliasing -finline-limit=64 -march=armv7-a -mfloat-abi=softfp -mfpu=vfp -g -O2 -DNDEBUG -o mulmid_ks.o -c zn_poly/src/mulmid_ks.c
/opt/tadp/android-ndk-r8d/toolchains/arm-linux-androideabi-4.7/prebuilt/linux-x86/bin/arm-linux-androideabi-gcc --sysroot=/opt/tadp/android-ndk-r8d/platforms/android-14/arch-arm -std=c99 -I../gmp/libs/armeabi-v7a/include -I/usr/local/sage/sage-4.5.3/local/include -I../mpfr/libs/armeabi-v7a/include -funroll-loops  -O3 -pedantic -fomit-frame-pointer -Wa,--noexecstack -ffunction-sections -funwind-tables -fstack-protector -fno-strict-aliasing -finline-limit=64 -march=armv7-a -mfloat-abi=softfp -mfpu=vfp -g -O2 -DNDEBUG -o ks_support.o -c zn_poly/src/ks_support.c
In file included from zn_poly/src/zn_poly.h:76:0,
                 from zn_poly/src/zn_poly_internal.h:41,
                 from zn_poly/src/zn_mod.c:23:
zn_poly/src/wide_arith.h:293:2: warning: #warning is a GCC extension [enabled by default]
zn_poly/src/wide_arith.h:293:2: warning: #warning No assembly implementation of wide multiplication available for this machine; using generic C code instead. [-Wcpp]
In file included from zn_poly/src/zn_poly.h:76:0,
                 from zn_poly/src/zn_poly_internal.h:41,
                 from zn_poly/src/mul_ks.c:23:
zn_poly/src/wide_arith.h:293:2: warning: #warning is a GCC extension [enabled by default]
zn_poly/src/wide_arith.h:293:2: warning: #warning No assembly implementation of wide multiplication available for this machine; using generic C code instead. [-Wcpp]
In file included from zn_poly/src/zn_poly.h:76:0,
                 from zn_poly/src/zn_poly_internal.h:41,
                 from zn_poly/src/pack.c:23:
zn_poly/src/wide_arith.h:293:2: warning: #warning is a GCC extension [enabled by default]
zn_poly/src/wide_arith.h:293:2: warning: #warning No assembly implementation of wide multiplication available for this machine; using generic C code instead. [-Wcpp]
In file included from zn_poly/src/zn_poly.h:76:0,
                 from zn_poly/src/zn_poly_internal.h:41,
                 from zn_poly/src/misc.c:23:
zn_poly/src/wide_arith.h:293:2: warning: #warning is a GCC extension [enabled by default]
zn_poly/src/wide_arith.h:293:2: warning: #warning No assembly implementation of wide multiplication available for this machine; using generic C code instead. [-Wcpp]
In file included from zn_poly/src/zn_poly.h:76:0,
                 from zn_poly/src/zn_poly_internal.h:41,
                 from zn_poly/src/mul.c:23:
zn_poly/src/wide_arith.h:293:2: warning: #warning is a GCC extension [enabled by default]
zn_poly/src/wide_arith.h:293:2: warning: #warning No assembly implementation of wide multiplication available for this machine; using generic C code instead. [-Wcpp]
In file included from zn_poly/src/zn_poly.h:76:0,
                 from zn_poly/src/zn_poly_internal.h:41,
                 from zn_poly/src/mulmid.c:23:
zn_poly/src/wide_arith.h:293:2: warning: #warning is a GCC extension [enabled by default]
zn_poly/src/wide_arith.h:293:2: warning: #warning No assembly implementation of wide multiplication available for this machine; using generic C code instead. [-Wcpp]
In file included from zn_poly/src/zn_poly.h:76:0,
                 from zn_poly/src/zn_poly_internal.h:41,
                 from zn_poly/src/mulmid_ks.c:23:
zn_poly/src/wide_arith.h:293:2: warning: #warning is a GCC extension [enabled by default]
zn_poly/src/wide_arith.h:293:2: warning: #warning No assembly implementation of wide multiplication available for this machine; using generic C code instead. [-Wcpp]
/opt/tadp/android-ndk-r8d/toolchains/arm-linux-androideabi-4.7/prebuilt/linux-x86/bin/arm-linux-androideabi-gcc --sysroot=/opt/tadp/android-ndk-r8d/platforms/android-14/arch-arm -std=c99 -I../gmp/libs/armeabi-v7a/include -I/usr/local/sage/sage-4.5.3/local/include -I../mpfr/libs/armeabi-v7a/include -funroll-loops  -O3 -pedantic -fomit-frame-pointer -Wa,--noexecstack -ffunction-sections -funwind-tables -fstack-protector -fno-strict-aliasing -finline-limit=64 -march=armv7-a -mfloat-abi=softfp -mfpu=vfp -g -O2 -DNDEBUG -o mpn_mulmid.o -c zn_poly/src/mpn_mulmid.c
In file included from zn_poly/src/zn_poly.h:76:0,
                 from zn_poly/src/zn_poly_internal.h:41,
                 from zn_poly/src/ks_support.c:24:
zn_poly/src/wide_arith.h:293:2: warning: #warning is a GCC extension [enabled by default]
zn_poly/src/wide_arith.h:293:2: warning: #warning No assembly implementation of wide multiplication available for this machine; using generic C code instead. [-Wcpp]
In file included from zn_poly/src/zn_poly.h:76:0,
                 from zn_poly/src/zn_poly_internal.h:41,
                 from zn_poly/src/mpn_mulmid.c:23:
zn_poly/src/wide_arith.h:293:2: warning: #warning is a GCC extension [enabled by default]
zn_poly/src/wide_arith.h:293:2: warning: #warning No assembly implementation of wide multiplication available for this machine; using generic C code instead. [-Wcpp]
/opt/tadp/android-ndk-r8d/toolchains/arm-linux-androideabi-4.7/prebuilt/linux-x86/bin/arm-linux-androideabi-gcc --sysroot=/opt/tadp/android-ndk-r8d/platforms/android-14/arch-arm -std=c99 -I../gmp/libs/armeabi-v7a/include -I/usr/local/sage/sage-4.5.3/local/include -I../mpfr/libs/armeabi-v7a/include -funroll-loops  -O3 -pedantic -fomit-frame-pointer -Wa,--noexecstack -ffunction-sections -funwind-tables -fstack-protector -fno-strict-aliasing -finline-limit=64 -march=armv7-a -mfloat-abi=softfp -mfpu=vfp -g -O2 -DNDEBUG -o nuss.o -c zn_poly/src/nuss.c
In file included from zn_poly/src/zn_poly.h:76:0,
                 from zn_poly/src/zn_poly_internal.h:41,
                 from zn_poly/src/nuss.c:56:
zn_poly/src/wide_arith.h:293:2: warning: #warning is a GCC extension [enabled by default]
zn_poly/src/wide_arith.h:293:2: warning: #warning No assembly implementation of wide multiplication available for this machine; using generic C code instead. [-Wcpp]
/opt/tadp/android-ndk-r8d/toolchains/arm-linux-androideabi-4.7/prebuilt/linux-x86/bin/arm-linux-androideabi-gcc --sysroot=/opt/tadp/android-ndk-r8d/platforms/android-14/arch-arm -std=c99 -I../gmp/libs/armeabi-v7a/include -I/usr/local/sage/sage-4.5.3/local/include -I../mpfr/libs/armeabi-v7a/include -funroll-loops  -O3 -pedantic -fomit-frame-pointer -Wa,--noexecstack -ffunction-sections -funwind-tables -fstack-protector -fno-strict-aliasing -finline-limit=64 -march=armv7-a -mfloat-abi=softfp -mfpu=vfp -g -O2 -DNDEBUG -o pmf.o -c zn_poly/src/pmf.c
/opt/tadp/android-ndk-r8d/toolchains/arm-linux-androideabi-4.7/prebuilt/linux-x86/bin/arm-linux-androideabi-gcc --sysroot=/opt/tadp/android-ndk-r8d/platforms/android-14/arch-arm -std=c99 -I../gmp/libs/armeabi-v7a/include -I/usr/local/sage/sage-4.5.3/local/include -I../mpfr/libs/armeabi-v7a/include -funroll-loops  -O3 -pedantic -fomit-frame-pointer -Wa,--noexecstack -ffunction-sections -funwind-tables -fstack-protector -fno-strict-aliasing -finline-limit=64 -march=armv7-a -mfloat-abi=softfp -mfpu=vfp -g -O2 -DNDEBUG -o pmfvec_fft.o -c zn_poly/src/pmfvec_fft.c
In file included from zn_poly/src/zn_poly.h:76:0,
                 from zn_poly/src/zn_poly_internal.h:41,
                 from zn_poly/src/pmf.c:23:
zn_poly/src/wide_arith.h:293:2: warning: #warning is a GCC extension [enabled by default]
zn_poly/src/wide_arith.h:293:2: warning: #warning No assembly implementation of wide multiplication available for this machine; using generic C code instead. [-Wcpp]
In file included from zn_poly/src/zn_poly.h:76:0,
                 from zn_poly/src/zn_poly_internal.h:41,
                 from zn_poly/src/pmfvec_fft.c:24:
zn_poly/src/wide_arith.h:293:2: warning: #warning is a GCC extension [enabled by default]
zn_poly/src/wide_arith.h:293:2: warning: #warning No assembly implementation of wide multiplication available for this machine; using generic C code instead. [-Wcpp]
/opt/tadp/android-ndk-r8d/toolchains/arm-linux-androideabi-4.7/prebuilt/linux-x86/bin/arm-linux-androideabi-gcc --sysroot=/opt/tadp/android-ndk-r8d/platforms/android-14/arch-arm -std=c99 -I../gmp/libs/armeabi-v7a/include -I/usr/local/sage/sage-4.5.3/local/include -I../mpfr/libs/armeabi-v7a/include -funroll-loops  -O3 -pedantic -fomit-frame-pointer -Wa,--noexecstack -ffunction-sections -funwind-tables -fstack-protector -fno-strict-aliasing -finline-limit=64 -march=armv7-a -mfloat-abi=softfp -mfpu=vfp -g -O2 -DNDEBUG -o tuning.o -c zn_poly/src/tuning.c
In file included from zn_poly/src/zn_poly.h:76:0,
                 from zn_poly/src/zn_poly_internal.h:41,
                 from zn_poly/src/tuning.c:28:
zn_poly/src/wide_arith.h:293:2: warning: #warning is a GCC extension [enabled by default]
zn_poly/src/wide_arith.h:293:2: warning: #warning No assembly implementation of wide multiplication available for this machine; using generic C code instead. [-Wcpp]
/opt/tadp/android-ndk-r8d/toolchains/arm-linux-androideabi-4.7/prebuilt/linux-x86/bin/arm-linux-androideabi-gcc --sysroot=/opt/tadp/android-ndk-r8d/platforms/android-14/arch-arm -std=c99 -I../gmp/libs/armeabi-v7a/include -I/usr/local/sage/sage-4.5.3/local/include -I../mpfr/libs/armeabi-v7a/include -funroll-loops  -O3 -pedantic -fomit-frame-pointer -Wa,--noexecstack -ffunction-sections -funwind-tables -fstack-protector -fno-strict-aliasing -finline-limit=64 -march=armv7-a -mfloat-abi=softfp -mfpu=vfp -g -O2 -DNDEBUG -o mul_fft.o -c zn_poly/src/mul_fft.c
zn_poly/src/tuning.c:35:4: warning: ISO C forbids empty initializer braces [-pedantic]
zn_poly/src/tuning.c:37:4: warning: ISO C forbids empty initializer braces [-pedantic]
/opt/tadp/android-ndk-r8d/toolchains/arm-linux-androideabi-4.7/prebuilt/linux-x86/bin/arm-linux-androideabi-gcc --sysroot=/opt/tadp/android-ndk-r8d/platforms/android-14/arch-arm -std=c99 -I../gmp/libs/armeabi-v7a/include -I/usr/local/sage/sage-4.5.3/local/include -I../mpfr/libs/armeabi-v7a/include -funroll-loops  -O3 -pedantic -fomit-frame-pointer -Wa,--noexecstack -ffunction-sections -funwind-tables -fstack-protector -fno-strict-aliasing -finline-limit=64 -march=armv7-a -mfloat-abi=softfp -mfpu=vfp -g -O2 -DNDEBUG -o mul_fft_dft.o -c zn_poly/src/mul_fft_dft.c
In file included from zn_poly/src/zn_poly.h:76:0,
                 from zn_poly/src/zn_poly_internal.h:41,
                 from zn_poly/src/mul_fft.c:100:
zn_poly/src/wide_arith.h:293:2: warning: #warning is a GCC extension [enabled by default]
zn_poly/src/wide_arith.h:293:2: warning: #warning No assembly implementation of wide multiplication available for this machine; using generic C code instead. [-Wcpp]
In file included from zn_poly/src/zn_poly.h:76:0,
                 from zn_poly/src/zn_poly_internal.h:41,
                 from zn_poly/src/mul_fft_dft.c:25:
zn_poly/src/wide_arith.h:293:2: warning: #warning is a GCC extension [enabled by default]
zn_poly/src/wide_arith.h:293:2: warning: #warning No assembly implementation of wide multiplication available for this machine; using generic C code instead. [-Wcpp]
/opt/tadp/android-ndk-r8d/toolchains/arm-linux-androideabi-4.7/prebuilt/linux-x86/bin/arm-linux-androideabi-gcc --sysroot=/opt/tadp/android-ndk-r8d/platforms/android-14/arch-arm -std=c99 -I../gmp/libs/armeabi-v7a/include -I/usr/local/sage/sage-4.5.3/local/include -I../mpfr/libs/armeabi-v7a/include -funroll-loops  -O3 -pedantic -fomit-frame-pointer -Wa,--noexecstack -ffunction-sections -funwind-tables -fstack-protector -fno-strict-aliasing -finline-limit=64 -march=armv7-a -mfloat-abi=softfp -mfpu=vfp -g -O2 -DNDEBUG -o array.o -c zn_poly/src/array.c
In file included from zn_poly/src/zn_poly.h:76:0,
                 from zn_poly/src/zn_poly_internal.h:41,
                 from zn_poly/src/array.c:23:
zn_poly/src/wide_arith.h:293:2: warning: #warning is a GCC extension [enabled by default]
zn_poly/src/wide_arith.h:293:2: warning: #warning No assembly implementation of wide multiplication available for this machine; using generic C code instead. [-Wcpp]
/opt/tadp/android-ndk-r8d/toolchains/arm-linux-androideabi-4.7/prebuilt/linux-x86/bin/arm-linux-androideabi-gcc --sysroot=/opt/tadp/android-ndk-r8d/platforms/android-14/arch-arm -std=c99 -I../gmp/libs/armeabi-v7a/include -I/usr/local/sage/sage-4.5.3/local/include -I../mpfr/libs/armeabi-v7a/include -funroll-loops  -O3 -pedantic -fomit-frame-pointer -Wa,--noexecstack -ffunction-sections -funwind-tables -fstack-protector -fno-strict-aliasing -finline-limit=64 -march=armv7-a -mfloat-abi=softfp -mfpu=vfp -g -O2 -DNDEBUG -o invert.o -c zn_poly/src/invert.c
/opt/tadp/android-ndk-r8d/toolchains/arm-linux-androideabi-4.7/prebuilt/linux-x86/bin/arm-linux-androideabi-gcc --sysroot=/opt/tadp/android-ndk-r8d/platforms/android-14/arch-arm -std=c99 -I../gmp/libs/armeabi-v7a/include -I/usr/local/sage/sage-4.5.3/local/include -I../mpfr/libs/armeabi-v7a/include -funroll-loops  -O3 -pedantic -fomit-frame-pointer -Wa,--noexecstack -ffunction-sections -funwind-tables -fstack-protector -fno-strict-aliasing -finline-limit=64 -march=armv7-a -mfloat-abi=softfp -mfpu=vfp -g -O2 -c mpn_extras.c -o mpn_extras.o
In file included from zn_poly/src/zn_poly.h:76:0,
                 from zn_poly/src/zn_poly_internal.h:41,
                 from zn_poly/src/invert.c:23:
zn_poly/src/wide_arith.h:293:2: warning: #warning is a GCC extension [enabled by default]
zn_poly/src/wide_arith.h:293:2: warning: #warning No assembly implementation of wide multiplication available for this machine; using generic C code instead. [-Wcpp]
/opt/tadp/android-ndk-r8d/toolchains/arm-linux-androideabi-4.7/prebuilt/linux-x86/bin/arm-linux-androideabi-gcc --sysroot=/opt/tadp/android-ndk-r8d/platforms/android-14/arch-arm -std=c99 -I../gmp/libs/armeabi-v7a/include -I/usr/local/sage/sage-4.5.3/local/include -I../mpfr/libs/armeabi-v7a/include -funroll-loops  -O3 -pedantic -fomit-frame-pointer -Wa,--noexecstack -ffunction-sections -funwind-tables -fstack-protector -fno-strict-aliasing -finline-limit=64 -march=armv7-a -mfloat-abi=softfp -mfpu=vfp -g -O2 -c mpz_extras.c -o mpz_extras.o
/opt/tadp/android-ndk-r8d/toolchains/arm-linux-androideabi-4.7/prebuilt/linux-x86/bin/arm-linux-androideabi-gcc --sysroot=/opt/tadp/android-ndk-r8d/platforms/android-14/arch-arm -std=c99 -I../gmp/libs/armeabi-v7a/include -I/usr/local/sage/sage-4.5.3/local/include -I../mpfr/libs/armeabi-v7a/include -funroll-loops  -O3 -pedantic -fomit-frame-pointer -Wa,--noexecstack -ffunction-sections -funwind-tables -fstack-protector -fno-strict-aliasing -finline-limit=64 -march=armv7-a -mfloat-abi=softfp -mfpu=vfp -g -O2 -c memory-manager.c -o memory-manager.o
/opt/tadp/android-ndk-r8d/toolchains/arm-linux-androideabi-4.7/prebuilt/linux-x86/bin/arm-linux-androideabi-gcc --sysroot=/opt/tadp/android-ndk-r8d/platforms/android-14/arch-arm -std=c99 -I../gmp/libs/armeabi-v7a/include -I/usr/local/sage/sage-4.5.3/local/include -I../mpfr/libs/armeabi-v7a/include -funroll-loops  -O3 -pedantic -fomit-frame-pointer -Wa,--noexecstack -ffunction-sections -funwind-tables -fstack-protector -fno-strict-aliasing -finline-limit=64 -march=armv7-a -mfloat-abi=softfp -mfpu=vfp -g -O2 -c ZmodF.c -o ZmodF.o
/opt/tadp/android-ndk-r8d/toolchains/arm-linux-androideabi-4.7/prebuilt/linux-x86/bin/arm-linux-androideabi-gcc --sysroot=/opt/tadp/android-ndk-r8d/platforms/android-14/arch-arm -std=c99 -I../gmp/libs/armeabi-v7a/include -I/usr/local/sage/sage-4.5.3/local/include -I../mpfr/libs/armeabi-v7a/include -funroll-loops  -O3 -pedantic -fomit-frame-pointer -Wa,--noexecstack -ffunction-sections -funwind-tables -fstack-protector -fno-strict-aliasing -finline-limit=64 -march=armv7-a -mfloat-abi=softfp -mfpu=vfp -g -O2 -c ZmodF_mul.c -o ZmodF_mul.o
/opt/tadp/android-ndk-r8d/toolchains/arm-linux-androideabi-4.7/prebuilt/linux-x86/bin/arm-linux-androideabi-gcc --sysroot=/opt/tadp/android-ndk-r8d/platforms/android-14/arch-arm -std=c99 -I../gmp/libs/armeabi-v7a/include -I/usr/local/sage/sage-4.5.3/local/include -I../mpfr/libs/armeabi-v7a/include -funroll-loops  -O3 -pedantic -fomit-frame-pointer -Wa,--noexecstack -ffunction-sections -funwind-tables -fstack-protector -fno-strict-aliasing -finline-limit=64 -march=armv7-a -mfloat-abi=softfp -mfpu=vfp -g -O2 -c ZmodF_mul-tuning.c -o ZmodF_mul-tuning.o
/opt/tadp/android-ndk-r8d/toolchains/arm-linux-androideabi-4.7/prebuilt/linux-x86/bin/arm-linux-androideabi-gcc --sysroot=/opt/tadp/android-ndk-r8d/platforms/android-14/arch-arm -std=c99 -I../gmp/libs/armeabi-v7a/include -I/usr/local/sage/sage-4.5.3/local/include -I../mpfr/libs/armeabi-v7a/include -funroll-loops  -O3 -pedantic -fomit-frame-pointer -Wa,--noexecstack -ffunction-sections -funwind-tables -fstack-protector -fno-strict-aliasing -finline-limit=64 -march=armv7-a -mfloat-abi=softfp -mfpu=vfp -g -O2 -c fmpz.c -o fmpz.o
/opt/tadp/android-ndk-r8d/toolchains/arm-linux-androideabi-4.7/prebuilt/linux-x86/bin/arm-linux-androideabi-gcc --sysroot=/opt/tadp/android-ndk-r8d/platforms/android-14/arch-arm -std=c99 -I../gmp/libs/armeabi-v7a/include -I/usr/local/sage/sage-4.5.3/local/include -I../mpfr/libs/armeabi-v7a/include -funroll-loops  -O3 -pedantic -fomit-frame-pointer -Wa,--noexecstack -ffunction-sections -funwind-tables -fstack-protector -fno-strict-aliasing -finline-limit=64 -march=armv7-a -mfloat-abi=softfp -mfpu=vfp -g -O2 -c fmpz_poly.c -o fmpz_poly.o
/opt/tadp/android-ndk-r8d/toolchains/arm-linux-androideabi-4.7/prebuilt/linux-x86/bin/arm-linux-androideabi-gcc --sysroot=/opt/tadp/android-ndk-r8d/platforms/android-14/arch-arm -std=c99 -I../gmp/libs/armeabi-v7a/include -I/usr/local/sage/sage-4.5.3/local/include -I../mpfr/libs/armeabi-v7a/include -funroll-loops  -O3 -pedantic -fomit-frame-pointer -Wa,--noexecstack -ffunction-sections -funwind-tables -fstack-protector -fno-strict-aliasing -finline-limit=64 -march=armv7-a -mfloat-abi=softfp -mfpu=vfp -g -O2 -c mpz_poly-tuning.c -o mpz_poly-tuning.o
In file included from zn_poly/src/zn_poly.h:76:0,
                 from fmpz.h:39,
                 from fmpz.c:32:
zn_poly/src/wide_arith.h:293:2: warning: #warning is a GCC extension [enabled by default]
zn_poly/src/wide_arith.h:293:2: warning: #warning No assembly implementation of wide multiplication available for this machine; using generic C code instead. [-Wcpp]
In file included from zn_poly/src/zn_poly.h:76:0,
                 from fmpz.h:39,
                 from fmpz_poly.h:40,
                 from mpz_poly.h:39,
                 from fmpz_poly.c:36:
zn_poly/src/wide_arith.h:293:2: warning: #warning is a GCC extension [enabled by default]
zn_poly/src/wide_arith.h:293:2: warning: #warning No assembly implementation of wide multiplication available for this machine; using generic C code instead. [-Wcpp]
/opt/tadp/android-ndk-r8d/toolchains/arm-linux-androideabi-4.7/prebuilt/linux-x86/bin/arm-linux-androideabi-gcc --sysroot=/opt/tadp/android-ndk-r8d/platforms/android-14/arch-arm -std=c99 -I../gmp/libs/armeabi-v7a/include -I/usr/local/sage/sage-4.5.3/local/include -I../mpfr/libs/armeabi-v7a/include -funroll-loops  -O3 -pedantic -fomit-frame-pointer -Wa,--noexecstack -ffunction-sections -funwind-tables -fstack-protector -fno-strict-aliasing -finline-limit=64 -march=armv7-a -mfloat-abi=softfp -mfpu=vfp -g -O2 -c mpz_poly.c -o mpz_poly.o
In file included from zn_poly/src/zn_poly.h:76:0,
                 from fmpz.h:39,
                 from fmpz_poly.h:40,
                 from mpz_poly.h:39,
                 from mpz_poly-tuning.c:27:
zn_poly/src/wide_arith.h:293:2: warning: #warning is a GCC extension [enabled by default]
zn_poly/src/wide_arith.h:293:2: warning: #warning No assembly implementation of wide multiplication available for this machine; using generic C code instead. [-Wcpp]
In file included from F_mpz_poly.h:41:0,
                 from fmpz_poly.c:49:
F_mpz_mat.h: In function 'F_mpz_mat_mul_classical':
F_mpz_mat.h:531:5: warning: ISO C forbids 'return' with expression, in function returning void [-pedantic]
/opt/tadp/android-ndk-r8d/toolchains/arm-linux-androideabi-4.7/prebuilt/linux-x86/bin/arm-linux-androideabi-gcc --sysroot=/opt/tadp/android-ndk-r8d/platforms/android-14/arch-arm -std=c99 -I../gmp/libs/armeabi-v7a/include -I/usr/local/sage/sage-4.5.3/local/include -I../mpfr/libs/armeabi-v7a/include -funroll-loops  -O3 -pedantic -fomit-frame-pointer -Wa,--noexecstack -ffunction-sections -funwind-tables -fstack-protector -fno-strict-aliasing -finline-limit=64 -march=armv7-a -mfloat-abi=softfp -mfpu=vfp -g -O2 -c ZmodF_poly.c -o ZmodF_poly.o
In file included from zn_poly/src/zn_poly.h:76:0,
                 from fmpz.h:39,
                 from fmpz_poly.h:40,
                 from mpz_poly.h:39,
                 from mpz_poly.c:31:
zn_poly/src/wide_arith.h:293:2: warning: #warning is a GCC extension [enabled by default]
zn_poly/src/wide_arith.h:293:2: warning: #warning No assembly implementation of wide multiplication available for this machine; using generic C code instead. [-Wcpp]
In file included from zn_poly/src/zn_poly.h:76:0,
                 from fmpz.h:39,
                 from fmpz_poly.h:40,
                 from ZmodF_poly.c:36:
zn_poly/src/wide_arith.h:293:2: warning: #warning is a GCC extension [enabled by default]
zn_poly/src/wide_arith.h:293:2: warning: #warning No assembly implementation of wide multiplication available for this machine; using generic C code instead. [-Wcpp]
/opt/tadp/android-ndk-r8d/toolchains/arm-linux-androideabi-4.7/prebuilt/linux-x86/bin/arm-linux-androideabi-gcc --sysroot=/opt/tadp/android-ndk-r8d/platforms/android-14/arch-arm -std=c99 -I../gmp/libs/armeabi-v7a/include -I/usr/local/sage/sage-4.5.3/local/include -I../mpfr/libs/armeabi-v7a/include -funroll-loops  -O3 -pedantic -fomit-frame-pointer -Wa,--noexecstack -ffunction-sections -funwind-tables -fstack-protector -fno-strict-aliasing -finline-limit=64 -march=armv7-a -mfloat-abi=softfp -mfpu=vfp -g -O2 -c long_extras.c -o long_extras.o
In file included from QS/../zn_poly/src/zn_poly.h:76:0,
                 from QS/../fmpz.h:39,
                 from QS/common.h:34,
                 from QS/tinyQS.h:34,
                 from long_extras.c:42:
QS/../zn_poly/src/wide_arith.h:293:2: warning: #warning is a GCC extension [enabled by default]
QS/../zn_poly/src/wide_arith.h:293:2: warning: #warning No assembly implementation of wide multiplication available for this machine; using generic C code instead. [-Wcpp]
long_extras.c: In function 'z_jacobi':
long_extras.c:564:6: warning: pointer targets in passing argument 1 of 'z_remove' differ in signedness [-Wpointer-sign]
In file included from long_extras.c:37:0:
long_extras.h:263:5: note: expected 'long unsigned int *' but argument is of type 'long int *'
/opt/tadp/android-ndk-r8d/toolchains/arm-linux-androideabi-4.7/prebuilt/linux-x86/bin/arm-linux-androideabi-gcc --sysroot=/opt/tadp/android-ndk-r8d/platforms/android-14/arch-arm -std=c99 -I../gmp/libs/armeabi-v7a/include -I/usr/local/sage/sage-4.5.3/local/include -I../mpfr/libs/armeabi-v7a/include -funroll-loops  -O3 -pedantic -fomit-frame-pointer -Wa,--noexecstack -ffunction-sections -funwind-tables -fstack-protector -fno-strict-aliasing -finline-limit=64 -march=armv7-a -mfloat-abi=softfp -mfpu=vfp -g -O2 -c packed_vec.c -o packed_vec.o
/opt/tadp/android-ndk-r8d/toolchains/arm-linux-androideabi-4.7/prebuilt/linux-x86/bin/arm-linux-androideabi-gcc --sysroot=/opt/tadp/android-ndk-r8d/platforms/android-14/arch-arm -std=c99 -I../gmp/libs/armeabi-v7a/include -I/usr/local/sage/sage-4.5.3/local/include -I../mpfr/libs/armeabi-v7a/include -funroll-loops  -O3 -pedantic -fomit-frame-pointer -Wa,--noexecstack -ffunction-sections -funwind-tables -fstack-protector -fno-strict-aliasing -finline-limit=64 -march=armv7-a -mfloat-abi=softfp -mfpu=vfp -g -O2 -c zmod_poly.c -o zmod_poly.o
In file included from zn_poly/src/zn_poly.h:76:0,
                 from zmod_poly.h:41,
                 from zmod_poly.c:30:
zn_poly/src/wide_arith.h:293:2: warning: #warning is a GCC extension [enabled by default]
zn_poly/src/wide_arith.h:293:2: warning: #warning No assembly implementation of wide multiplication available for this machine; using generic C code instead. [-Wcpp]
zmod_poly.c: In function 'zmod_poly_resultant':
zmod_poly.c:5367:7: warning: pointer targets in passing argument 7 of 'zmod_poly_resultant_half_gcd_no_matrix' differ in signedness [-Wpointer-sign]
zmod_poly.c:5155:6: note: expected 'long unsigned int *' but argument is of type 'long int *'
zmod_poly.c:5367:7: warning: pointer targets in passing argument 8 of 'zmod_poly_resultant_half_gcd_no_matrix' differ in signedness [-Wpointer-sign]
zmod_poly.c:5155:6: note: expected 'long int *' but argument is of type 'long unsigned int *'
zmod_poly.c: In function 'zmod_poly_powmod_mpz':
zmod_poly.c:6467:15: warning: ordered comparison of pointer with integer zero [-pedantic]
zmod_poly.c:6479:12: warning: ordered comparison of pointer with integer zero [-pedantic]
/opt/tadp/android-ndk-r8d/toolchains/arm-linux-androideabi-4.7/prebuilt/linux-x86/bin/arm-linux-androideabi-gcc --sysroot=/opt/tadp/android-ndk-r8d/platforms/android-14/arch-arm -std=c99 -I../gmp/libs/armeabi-v7a/include -I/usr/local/sage/sage-4.5.3/local/include -I../mpfr/libs/armeabi-v7a/include -funroll-loops  -O3 -pedantic -fomit-frame-pointer -Wa,--noexecstack -ffunction-sections -funwind-tables -fstack-protector -fno-strict-aliasing -finline-limit=64 -march=armv7-a -mfloat-abi=softfp -mfpu=vfp -g -O2 -c F_mpz_mod_poly.c -o F_mpz_mod_poly.o
In file included from zn_poly/src/zn_poly.h:76:0,
                 from fmpz.h:39,
                 from fmpz_poly.h:40,
                 from mpz_poly.h:39,
                 from F_mpz_poly.h:37,
                 from F_mpz_mod_poly.c:29:
zn_poly/src/wide_arith.h:293:2: warning: #warning is a GCC extension [enabled by default]
zn_poly/src/wide_arith.h:293:2: warning: #warning No assembly implementation of wide multiplication available for this machine; using generic C code instead. [-Wcpp]
In file included from F_mpz_poly.h:41:0,
                 from F_mpz_mod_poly.c:29:
F_mpz_mat.h: In function 'F_mpz_mat_mul_classical':
F_mpz_mat.h:531:5: warning: ISO C forbids 'return' with expression, in function returning void [-pedantic]
F_mpz_mod_poly.c: In function 'F_mpz_mod_poly_init2':
F_mpz_mod_poly.c:57:3: warning: pointer targets in passing argument 1 of 'F_mpn_clear' differ in signedness [-Wpointer-sign]
In file included from F_mpz_poly.h:36:0,
                 from F_mpz_mod_poly.c:29:
mpn_extras.h:119:20: note: expected 'mp_limb_t *' but argument is of type 'F_mpz *'
F_mpz_mod_poly.c: In function 'F_mpz_mod_poly_realloc':
F_mpz_mod_poly.c:94:6: warning: pointer targets in passing argument 1 of 'F_mpn_clear' differ in signedness [-Wpointer-sign]
In file included from F_mpz_poly.h:36:0,
                 from F_mpz_mod_poly.c:29:
mpn_extras.h:119:20: note: expected 'mp_limb_t *' but argument is of type 'F_mpz *'
F_mpz_mod_poly.c:97:16: warning: pointer targets in assignment differ in signedness [-Wpointer-sign]
F_mpz_mod_poly.c:98:3: warning: pointer targets in passing argument 1 of 'F_mpn_clear' differ in signedness [-Wpointer-sign]
In file included from F_mpz_poly.h:36:0,
                 from F_mpz_mod_poly.c:29:
mpn_extras.h:119:20: note: expected 'mp_limb_t *' but argument is of type 'F_mpz *'
/opt/tadp/android-ndk-r8d/toolchains/arm-linux-androideabi-4.7/prebuilt/linux-x86/bin/arm-linux-androideabi-gcc --sysroot=/opt/tadp/android-ndk-r8d/platforms/android-14/arch-arm -std=c99 -I../gmp/libs/armeabi-v7a/include -I/usr/local/sage/sage-4.5.3/local/include -I../mpfr/libs/armeabi-v7a/include -funroll-loops  -O3 -pedantic -fomit-frame-pointer -Wa,--noexecstack -ffunction-sections -funwind-tables -fstack-protector -fno-strict-aliasing -finline-limit=64 -march=armv7-a -mfloat-abi=softfp -mfpu=vfp -g -O2 -c theta.c -o theta.o
/opt/tadp/android-ndk-r8d/toolchains/arm-linux-androideabi-4.7/prebuilt/linux-x86/bin/arm-linux-androideabi-gcc --sysroot=/opt/tadp/android-ndk-r8d/platforms/android-14/arch-arm -std=c99 -I../gmp/libs/armeabi-v7a/include -I/usr/local/sage/sage-4.5.3/local/include -I../mpfr/libs/armeabi-v7a/include -funroll-loops  -O3 -pedantic -fomit-frame-pointer -Wa,--noexecstack -ffunction-sections -funwind-tables -fstack-protector -fno-strict-aliasing -finline-limit=64 -march=armv7-a -mfloat-abi=softfp -mfpu=vfp -g -O2 -c zmod_mat.c -o zmod_mat.o
In file included from zn_poly/src/zn_poly.h:76:0,
                 from zmod_poly.h:41,
                 from zmod_mat.h:40,
                 from zmod_mat.c:30:
zn_poly/src/wide_arith.h:293:2: warning: #warning is a GCC extension [enabled by default]
zn_poly/src/wide_arith.h:293:2: warning: #warning No assembly implementation of wide multiplication available for this machine; using generic C code instead. [-Wcpp]
/opt/tadp/android-ndk-r8d/toolchains/arm-linux-androideabi-4.7/prebuilt/linux-x86/bin/arm-linux-androideabi-gcc --sysroot=/opt/tadp/android-ndk-r8d/platforms/android-14/arch-arm -std=c99 -I../gmp/libs/armeabi-v7a/include -I/usr/local/sage/sage-4.5.3/local/include -I../mpfr/libs/armeabi-v7a/include -funroll-loops  -O3 -pedantic -fomit-frame-pointer -Wa,--noexecstack -ffunction-sections -funwind-tables -fstack-protector -fno-strict-aliasing -finline-limit=64 -march=armv7-a -mfloat-abi=softfp -mfpu=vfp -g -O2 -c mpz_mat.c -o mpz_mat.o
/opt/tadp/android-ndk-r8d/toolchains/arm-linux-androideabi-4.7/prebuilt/linux-x86/bin/arm-linux-androideabi-gcc --sysroot=/opt/tadp/android-ndk-r8d/platforms/android-14/arch-arm -std=c99 -I../gmp/libs/armeabi-v7a/include -I/usr/local/sage/sage-4.5.3/local/include -I../mpfr/libs/armeabi-v7a/include -funroll-loops  -O3 -pedantic -fomit-frame-pointer -Wa,--noexecstack -ffunction-sections -funwind-tables -fstack-protector -fno-strict-aliasing -finline-limit=64 -march=armv7-a -mfloat-abi=softfp -mfpu=vfp -g -O2 -c mpq_mat.c -o mpq_mat.o
/opt/tadp/android-ndk-r8d/toolchains/arm-linux-androideabi-4.7/prebuilt/linux-x86/bin/arm-linux-androideabi-gcc --sysroot=/opt/tadp/android-ndk-r8d/platforms/android-14/arch-arm -std=c99 -I../gmp/libs/armeabi-v7a/include -I/usr/local/sage/sage-4.5.3/local/include -I../mpfr/libs/armeabi-v7a/include -funroll-loops  -O3 -pedantic -fomit-frame-pointer -Wa,--noexecstack -ffunction-sections -funwind-tables -fstack-protector -fno-strict-aliasing -finline-limit=64 -march=armv7-a -mfloat-abi=softfp -mfpu=vfp -g -O2 -c d_mat.c -o d_mat.o
/opt/tadp/android-ndk-r8d/toolchains/arm-linux-androideabi-4.7/prebuilt/linux-x86/bin/arm-linux-androideabi-gcc --sysroot=/opt/tadp/android-ndk-r8d/platforms/android-14/arch-arm -std=c99 -I../gmp/libs/armeabi-v7a/include -I/usr/local/sage/sage-4.5.3/local/include -I../mpfr/libs/armeabi-v7a/include -funroll-loops  -O3 -pedantic -fomit-frame-pointer -Wa,--noexecstack -ffunction-sections -funwind-tables -fstack-protector -fno-strict-aliasing -finline-limit=64 -march=armv7-a -mfloat-abi=softfp -mfpu=vfp -g -O2   -c -o mpfr_mat.o mpfr_mat.c
/opt/tadp/android-ndk-r8d/toolchains/arm-linux-androideabi-4.7/prebuilt/linux-x86/bin/arm-linux-androideabi-gcc --sysroot=/opt/tadp/android-ndk-r8d/platforms/android-14/arch-arm -std=c99 -I../gmp/libs/armeabi-v7a/include -I/usr/local/sage/sage-4.5.3/local/include -I../mpfr/libs/armeabi-v7a/include -funroll-loops  -O3 -pedantic -fomit-frame-pointer -Wa,--noexecstack -ffunction-sections -funwind-tables -fstack-protector -fno-strict-aliasing -finline-limit=64 -march=armv7-a -mfloat-abi=softfp -mfpu=vfp -g -O2 -c F_mpz_mat.c -o F_mpz_mat.o
In file included from zn_poly/src/zn_poly.h:76:0,
                 from F_mpz.h:41,
                 from F_mpz_mat.c:39:
zn_poly/src/wide_arith.h:293:2: warning: #warning is a GCC extension [enabled by default]
zn_poly/src/wide_arith.h:293:2: warning: #warning No assembly implementation of wide multiplication available for this machine; using generic C code instead. [-Wcpp]
In file included from F_mpz_mat.c:40:0:
F_mpz_mat.h: In function 'F_mpz_mat_mul_classical':
F_mpz_mat.h:531:5: warning: ISO C forbids 'return' with expression, in function returning void [-pedantic]
F_mpz_mat.c: In function 'F_mpz_mat_init':
F_mpz_mat.c:54:20: warning: pointer targets in assignment differ in signedness [-Wpointer-sign]
F_mpz_mat.c:55:3: warning: pointer targets in passing argument 1 of 'F_mpn_clear' differ in signedness [-Wpointer-sign]
In file included from F_mpz_mat.c:34:0:
mpn_extras.h:119:20: note: expected 'mp_limb_t *' but argument is of type 'F_mpz *'
F_mpz_mat.c: In function 'F_mpz_mat_init_identity':
F_mpz_mat.c:72:20: warning: pointer targets in assignment differ in signedness [-Wpointer-sign]
F_mpz_mat.c:73:3: warning: pointer targets in passing argument 1 of 'F_mpn_clear' differ in signedness [-Wpointer-sign]
In file included from F_mpz_mat.c:34:0:
mpn_extras.h:119:20: note: expected 'mp_limb_t *' but argument is of type 'F_mpz *'
F_mpz_mat.c: In function 'F_mpz_mat_resize':
F_mpz_mat.c:175:17: warning: pointer targets in assignment differ in signedness [-Wpointer-sign]
F_mpz_mat.c:200:17: warning: pointer targets in assignment differ in signedness [-Wpointer-sign]
/opt/tadp/android-ndk-r8d/toolchains/arm-linux-androideabi-4.7/prebuilt/linux-x86/bin/arm-linux-androideabi-gcc --sysroot=/opt/tadp/android-ndk-r8d/platforms/android-14/arch-arm -std=c99 -I../gmp/libs/armeabi-v7a/include -I/usr/local/sage/sage-4.5.3/local/include -I../mpfr/libs/armeabi-v7a/include -funroll-loops  -O3 -pedantic -fomit-frame-pointer -Wa,--noexecstack -ffunction-sections -funwind-tables -fstack-protector -fno-strict-aliasing -finline-limit=64 -march=armv7-a -mfloat-abi=softfp -mfpu=vfp -g -O2 -c F_mpz.c -o F_mpz.o
In file included from zn_poly/src/zn_poly.h:76:0,
                 from F_mpz.h:41,
                 from F_mpz.c:41:
zn_poly/src/wide_arith.h:293:2: warning: #warning is a GCC extension [enabled by default]
zn_poly/src/wide_arith.h:293:2: warning: #warning No assembly implementation of wide multiplication available for this machine; using generic C code instead. [-Wcpp]
F_mpz.c: In function 'F_mpz_get_d_2exp':
F_mpz.c:359:7: warning: pointer targets in passing argument 1 of '__gmpn_get_d' differ in signedness [-Wpointer-sign]
F_mpz.c:343:15: note: expected 'mp_limb_t *' but argument is of type 'F_mpz *'
F_mpz.c: In function 'F_mpz_invert':
F_mpz.c:1749:16: warning: pointer targets in assignment differ in signedness [-Wpointer-sign]
F_mpz.c:1754:16: warning: pointer targets in assignment differ in signedness [-Wpointer-sign]
/opt/tadp/android-ndk-r8d/toolchains/arm-linux-androideabi-4.7/prebuilt/linux-x86/bin/arm-linux-androideabi-gcc --sysroot=/opt/tadp/android-ndk-r8d/platforms/android-14/arch-arm -std=c99 -I../gmp/libs/armeabi-v7a/include -I/usr/local/sage/sage-4.5.3/local/include -I../mpfr/libs/armeabi-v7a/include -funroll-loops  -O3 -pedantic -fomit-frame-pointer -Wa,--noexecstack -ffunction-sections -funwind-tables -fstack-protector -fno-strict-aliasing -finline-limit=64 -march=armv7-a -mfloat-abi=softfp -mfpu=vfp -g -O2 -c F_mpz_LLL.c -o F_mpz_LLL.o
/opt/tadp/android-ndk-r8d/toolchains/arm-linux-androideabi-4.7/prebuilt/linux-x86/bin/arm-linux-androideabi-gcc --sysroot=/opt/tadp/android-ndk-r8d/platforms/android-14/arch-arm -std=c99 -I../gmp/libs/armeabi-v7a/include -I/usr/local/sage/sage-4.5.3/local/include -I../mpfr/libs/armeabi-v7a/include -funroll-loops  -O3 -pedantic -fomit-frame-pointer -Wa,--noexecstack -ffunction-sections -funwind-tables -fstack-protector -fno-strict-aliasing -finline-limit=64 -march=armv7-a -mfloat-abi=softfp -mfpu=vfp -g -O2 -c F_mpz_poly.c -o F_mpz_poly.o
In file included from zn_poly/src/zn_poly.h:76:0,
                 from F_mpz.h:41,
                 from F_mpz_mat.h:41,
                 from F_mpz_LLL.c:45:
zn_poly/src/wide_arith.h:293:2: warning: #warning is a GCC extension [enabled by default]
zn_poly/src/wide_arith.h:293:2: warning: #warning No assembly implementation of wide multiplication available for this machine; using generic C code instead. [-Wcpp]
In file included from F_mpz_LLL.c:45:0:
F_mpz_mat.h: In function 'F_mpz_mat_mul_classical':
F_mpz_mat.h:531:5: warning: ISO C forbids 'return' with expression, in function returning void [-pedantic]
F_mpz_LLL.c: In function 'heuristic_scalar_product':
F_mpz_LLL.c:131:7: warning: pointer targets in passing argument 1 of 'F_mpz_get_d_2exp' differ in signedness [-Wpointer-sign]
In file included from F_mpz_mat.h:41:0,
                 from F_mpz_LLL.c:45:
F_mpz.h:268:8: note: expected 'long int *' but argument is of type 'long unsigned int *'
F_mpz_LLL.c: In function 'LLL_d':
F_mpz_LLL.c:1968:13: warning: pointer targets in assignment differ in signedness [-Wpointer-sign]
F_mpz_LLL.c:1970:26: warning: pointer targets in assignment differ in signedness [-Wpointer-sign]
F_mpz_LLL.c: In function 'LLL_d_heuristic':
F_mpz_LLL.c:2167:13: warning: pointer targets in assignment differ in signedness [-Wpointer-sign]
F_mpz_LLL.c:2169:26: warning: pointer targets in assignment differ in signedness [-Wpointer-sign]
F_mpz_LLL.c: In function 'LLL_mpfr2':
F_mpz_LLL.c:2375:13: warning: pointer targets in assignment differ in signedness [-Wpointer-sign]
F_mpz_LLL.c:2377:26: warning: pointer targets in assignment differ in signedness [-Wpointer-sign]
F_mpz_LLL.c: In function 'LLL_d_with_removal':
F_mpz_LLL.c:2680:13: warning: pointer targets in assignment differ in signedness [-Wpointer-sign]
F_mpz_LLL.c:2682:26: warning: pointer targets in assignment differ in signedness [-Wpointer-sign]
F_mpz_LLL.c:2736:4: warning: pointer targets in passing argument 1 of 'F_mpz_get_d_2exp' differ in signedness [-Wpointer-sign]
In file included from F_mpz_mat.h:41:0,
                 from F_mpz_LLL.c:45:
F_mpz.h:268:8: note: expected 'long int *' but argument is of type 'long unsigned int *'
F_mpz_LLL.c: In function 'LLL_d_heuristic_with_removal':
F_mpz_LLL.c:2898:13: warning: pointer targets in assignment differ in signedness [-Wpointer-sign]
F_mpz_LLL.c:2900:26: warning: pointer targets in assignment differ in signedness [-Wpointer-sign]
F_mpz_LLL.c:2956:4: warning: pointer targets in passing argument 1 of 'F_mpz_get_d_2exp' differ in signedness [-Wpointer-sign]
In file included from F_mpz_mat.h:41:0,
                 from F_mpz_LLL.c:45:
F_mpz.h:268:8: note: expected 'long int *' but argument is of type 'long unsigned int *'
F_mpz_LLL.c: In function 'LLL_mpfr2_with_removal':
F_mpz_LLL.c:3129:13: warning: pointer targets in assignment differ in signedness [-Wpointer-sign]
F_mpz_LLL.c:3131:26: warning: pointer targets in assignment differ in signedness [-Wpointer-sign]
F_mpz_LLL.c: In function 'knapsack_LLL_d_with_removal':In file included from zn_poly/src/zn_poly.h:76:0,
                 from fmpz.h:39,
                 from fmpz_poly.h:40,
                 from mpz_poly.h:39,
                 from F_mpz_poly.c:39:
zn_poly/src/wide_arith.h:293:2: warning: #warning is a GCC extension [enabled by default]
zn_poly/src/wide_arith.h:293:2: warning: #warning No assembly implementation of wide multiplication available for this machine; using generic C code instead. [-Wcpp]

F_mpz_LLL.c:3519:10: warning: pointer targets in passing argument 1 of 'F_mpz_get_d_2exp' differ in signedness [-Wpointer-sign]
In file included from F_mpz_mat.h:41:0,
                 from F_mpz_LLL.c:45:
F_mpz.h:268:8: note: expected 'long int *' but argument is of type 'long unsigned int *'
F_mpz_LLL.c:3600:13: warning: pointer targets in assignment differ in signedness [-Wpointer-sign]
F_mpz_LLL.c:3602:26: warning: pointer targets in assignment differ in signedness [-Wpointer-sign]
F_mpz_LLL.c:3656:4: warning: pointer targets in passing argument 1 of 'F_mpz_get_d_2exp' differ in signedness [-Wpointer-sign]
In file included from F_mpz_mat.h:41:0,
                 from F_mpz_LLL.c:45:
F_mpz.h:268:8: note: expected 'long int *' but argument is of type 'long unsigned int *'
F_mpz_LLL.c: In function 'knapsack_LLL_d_heuristic_with_removal':
F_mpz_LLL.c:3826:13: warning: pointer targets in assignment differ in signedness [-Wpointer-sign]
F_mpz_LLL.c:3828:26: warning: pointer targets in assignment differ in signedness [-Wpointer-sign]
F_mpz_LLL.c:3884:4: warning: pointer targets in passing argument 1 of 'F_mpz_get_d_2exp' differ in signedness [-Wpointer-sign]
In file included from F_mpz_mat.h:41:0,
                 from F_mpz_LLL.c:45:
F_mpz.h:268:8: note: expected 'long int *' but argument is of type 'long unsigned int *'
F_mpz_LLL.c: In function 'knapsack_LLL_mpfr2_with_removal':
F_mpz_LLL.c:4057:13: warning: pointer targets in assignment differ in signedness [-Wpointer-sign]
F_mpz_LLL.c:4059:26: warning: pointer targets in assignment differ in signedness [-Wpointer-sign]
F_mpz_LLL.c: In function 'LLL_d_zero_vec_heuristic_with_removal':
F_mpz_LLL.c:4345:13: warning: pointer targets in assignment differ in signedness [-Wpointer-sign]
F_mpz_LLL.c:4347:26: warning: pointer targets in assignment differ in signedness [-Wpointer-sign]
F_mpz_LLL.c:4403:4: warning: pointer targets in passing argument 1 of 'F_mpz_get_d_2exp' differ in signedness [-Wpointer-sign]
In file included from F_mpz_mat.h:41:0,
                 from F_mpz_LLL.c:45:
F_mpz.h:268:8: note: expected 'long int *' but argument is of type 'long unsigned int *'
F_mpz_LLL.c: In function 'F_mpz_mat_gs_d':
F_mpz_LLL.c:4591:4: warning: pointer targets in passing argument 1 of 'F_mpz_get_d_2exp' differ in signedness [-Wpointer-sign]
In file included from F_mpz_mat.h:41:0,
                 from F_mpz_LLL.c:45:
F_mpz.h:268:8: note: expected 'long int *' but argument is of type 'long unsigned int *'
In file included from F_mpz_poly.h:41:0,
                 from F_mpz_poly.c:42:
F_mpz_mat.h: In function 'F_mpz_mat_mul_classical':
F_mpz_mat.h:531:5: warning: ISO C forbids 'return' with expression, in function returning void [-pedantic]
F_mpz_poly.c: In function 'F_mpz_poly_init2':
F_mpz_poly.c:107:3: warning: pointer targets in passing argument 1 of 'F_mpn_clear' differ in signedness [-Wpointer-sign]
In file included from fmpz_poly.h:39:0,
                 from mpz_poly.h:39,
                 from F_mpz_poly.c:39:
mpn_extras.h:119:20: note: expected 'mp_limb_t *' but argument is of type 'F_mpz *'
F_mpz_poly.c: In function 'F_mpz_poly_realloc':
F_mpz_poly.c:129:6: warning: pointer targets in passing argument 1 of 'F_mpn_clear' differ in signedness [-Wpointer-sign]
In file included from fmpz_poly.h:39:0,
                 from mpz_poly.h:39,
                 from F_mpz_poly.c:39:
mpn_extras.h:119:20: note: expected 'mp_limb_t *' but argument is of type 'F_mpz *'
F_mpz_poly.c:132:16: warning: pointer targets in assignment differ in signedness [-Wpointer-sign]
F_mpz_poly.c:133:3: warning: pointer targets in passing argument 1 of 'F_mpn_clear' differ in signedness [-Wpointer-sign]
In file included from fmpz_poly.h:39:0,
                 from mpz_poly.h:39,
                 from F_mpz_poly.c:39:
mpn_extras.h:119:20: note: expected 'mp_limb_t *' but argument is of type 'F_mpz *'
F_mpz_poly.c: In function 'F_mpz_poly_bit_pack':
F_mpz_poly.c:2155:22: warning: pointer targets in initialization differ in signedness [-Wpointer-sign]
F_mpz_poly.c:2171:14: warning: pointer targets in assignment differ in signedness [-Wpointer-sign]
F_mpz_poly.c: In function 'F_mpz_poly_bit_pack_unsigned':
F_mpz_poly.c:2263:22: warning: pointer targets in initialization differ in signedness [-Wpointer-sign]
F_mpz_poly.c:2275:14: warning: pointer targets in assignment differ in signedness [-Wpointer-sign]
F_mpz_poly.c: In function 'F_mpz_poly_bit_unpack':
F_mpz_poly.c:2373:26: warning: pointer targets in initialization differ in signedness [-Wpointer-sign]
F_mpz_poly.c:2377:14: warning: pointer targets in assignment differ in signedness [-Wpointer-sign]
F_mpz_poly.c:2390:13: warning: pointer targets in passing argument 1 of '_F_mpz_demote' differ in signedness [-Wpointer-sign]
In file included from F_mpz_poly.c:41:0:
F_mpz.h:143:6: note: expected 'F_mpz *' but argument is of type 'mp_limb_t *'
F_mpz_poly.c:2396:13: warning: pointer targets in passing argument 1 of '_F_mpz_demote' differ in signedness [-Wpointer-sign]
In file included from F_mpz_poly.c:41:0:
F_mpz.h:143:6: note: expected 'F_mpz *' but argument is of type 'mp_limb_t *'
F_mpz_poly.c:2414:13: warning: pointer targets in passing argument 1 of '_F_mpz_demote' differ in signedness [-Wpointer-sign]
In file included from F_mpz_poly.c:41:0:
F_mpz.h:143:6: note: expected 'F_mpz *' but argument is of type 'mp_limb_t *'
F_mpz_poly.c:2420:13: warning: pointer targets in passing argument 1 of '_F_mpz_demote' differ in signedness [-Wpointer-sign]
In file included from F_mpz_poly.c:41:0:
F_mpz.h:143:6: note: expected 'F_mpz *' but argument is of type 'mp_limb_t *'
F_mpz_poly.c:2436:3: warning: pointer targets in passing argument 1 of '_F_mpz_demote' differ in signedness [-Wpointer-sign]
In file included from F_mpz_poly.c:41:0:
F_mpz.h:143:6: note: expected 'F_mpz *' but argument is of type 'mp_limb_t *'
F_mpz_poly.c: In function 'F_mpz_poly_bit_unpack_unsigned':
F_mpz_poly.c:2457:22: warning: pointer targets in initialization differ in signedness [-Wpointer-sign]
F_mpz_poly.c:2461:14: warning: pointer targets in assignment differ in signedness [-Wpointer-sign]
F_mpz_poly.c:2474:10: warning: pointer targets in passing argument 1 of '_F_mpz_demote' differ in signedness [-Wpointer-sign]
In file included from F_mpz_poly.c:41:0:
F_mpz.h:143:6: note: expected 'F_mpz *' but argument is of type 'long unsigned int *'
F_mpz_poly.c:2488:10: warning: pointer targets in passing argument 1 of '_F_mpz_demote' differ in signedness [-Wpointer-sign]
In file included from F_mpz_poly.c:41:0:
F_mpz.h:143:6: note: expected 'F_mpz *' but argument is of type 'long unsigned int *'
F_mpz_poly.c: In function 'F_mpz_poly_bit_pack2':
F_mpz_poly.c:2512:22: warning: pointer targets in initialization differ in signedness [-Wpointer-sign]
F_mpz_poly.c:2526:28: warning: pointer targets in initialization differ in signedness [-Wpointer-sign]
F_mpz_poly.c: In function 'F_mpz_poly_bit_unpack2':
F_mpz_poly.c:2641:26: warning: pointer targets in initialization differ in signedness [-Wpointer-sign]
F_mpz_poly.c:2648:14: warning: pointer targets in assignment differ in signedness [-Wpointer-sign]
F_mpz_poly.c:2662:10: warning: pointer targets in passing argument 1 of '_F_mpz_demote' differ in signedness [-Wpointer-sign]
In file included from F_mpz_poly.c:41:0:
F_mpz.h:143:6: note: expected 'F_mpz *' but argument is of type 'mp_limb_t *'
F_mpz_poly.c:2667:10: warning: pointer targets in passing argument 1 of '_F_mpz_demote' differ in signedness [-Wpointer-sign]
In file included from F_mpz_poly.c:41:0:
F_mpz.h:143:6: note: expected 'F_mpz *' but argument is of type 'mp_limb_t *'
F_mpz_poly.c:2678:13: warning: pointer targets in passing argument 1 of '_F_mpz_demote' differ in signedness [-Wpointer-sign]
In file included from F_mpz_poly.c:41:0:
F_mpz.h:143:6: note: expected 'F_mpz *' but argument is of type 'mp_limb_t *'
F_mpz_poly.c:2683:13: warning: pointer targets in passing argument 1 of '_F_mpz_demote' differ in signedness [-Wpointer-sign]
In file included from F_mpz_poly.c:41:0:
F_mpz.h:143:6: note: expected 'F_mpz *' but argument is of type 'mp_limb_t *'
F_mpz_poly.c:2711:13: warning: pointer targets in passing argument 1 of '_F_mpz_demote' differ in signedness [-Wpointer-sign]
In file included from F_mpz_poly.c:41:0:
F_mpz.h:143:6: note: expected 'F_mpz *' but argument is of type 'mp_limb_t *'
F_mpz_poly.c:2716:13: warning: pointer targets in passing argument 1 of '_F_mpz_demote' differ in signedness [-Wpointer-sign]
In file included from F_mpz_poly.c:41:0:
F_mpz.h:143:6: note: expected 'F_mpz *' but argument is of type 'mp_limb_t *'
F_mpz_poly.c:2727:16: warning: pointer targets in passing argument 1 of '_F_mpz_demote' differ in signedness [-Wpointer-sign]
In file included from F_mpz_poly.c:41:0:
F_mpz.h:143:6: note: expected 'F_mpz *' but argument is of type 'mp_limb_t *'
F_mpz_poly.c:2732:16: warning: pointer targets in passing argument 1 of '_F_mpz_demote' differ in signedness [-Wpointer-sign]
In file included from F_mpz_poly.c:41:0:
F_mpz.h:143:6: note: expected 'F_mpz *' but argument is of type 'mp_limb_t *'
F_mpz_poly.c:2754:13: warning: pointer targets in passing argument 1 of '_F_mpz_demote' differ in signedness [-Wpointer-sign]
In file included from F_mpz_poly.c:41:0:
F_mpz.h:143:6: note: expected 'F_mpz *' but argument is of type 'mp_limb_t *'
F_mpz_poly.c:2759:13: warning: pointer targets in passing argument 1 of '_F_mpz_demote' differ in signedness [-Wpointer-sign]
In file included from F_mpz_poly.c:41:0:
F_mpz.h:143:6: note: expected 'F_mpz *' but argument is of type 'mp_limb_t *'
F_mpz_poly.c:2770:16: warning: pointer targets in passing argument 1 of '_F_mpz_demote' differ in signedness [-Wpointer-sign]
In file included from F_mpz_poly.c:41:0:
F_mpz.h:143:6: note: expected 'F_mpz *' but argument is of type 'mp_limb_t *'
F_mpz_poly.c:2775:16: warning: pointer targets in passing argument 1 of '_F_mpz_demote' differ in signedness [-Wpointer-sign]
In file included from F_mpz_poly.c:41:0:
F_mpz.h:143:6: note: expected 'F_mpz *' but argument is of type 'mp_limb_t *'
F_mpz_poly.c: In function 'F_mpz_poly_byte_pack':
F_mpz_poly.c:2924:14: warning: pointer targets in assignment differ in signedness [-Wpointer-sign]
F_mpz_poly.c: In function 'F_mpz_poly_byte_pack_unsigned':
F_mpz_poly.c:3200:11: warning: pointer targets in assignment differ in signedness [-Wpointer-sign]
F_mpz_poly.c: In function 'F_mpz_poly_byte_unpack_unsigned':
F_mpz_poly.c:3433:2: warning: pointer targets in passing argument 1 of 'F_mpn_clear' differ in signedness [-Wpointer-sign]
In file included from fmpz_poly.h:39:0,
                 from mpz_poly.h:39,
                 from F_mpz_poly.c:39:
mpn_extras.h:119:20: note: expected 'mp_limb_t *' but argument is of type 'F_mpz *'
F_mpz_poly.c: In function 'F_mpz_poly_byte_unpack':
F_mpz_poly.c:3507:2: warning: pointer targets in passing argument 1 of 'F_mpn_clear' differ in signedness [-Wpointer-sign]
In file included from fmpz_poly.h:39:0,
                 from mpz_poly.h:39,
                 from F_mpz_poly.c:39:
mpn_extras.h:119:20: note: expected 'mp_limb_t *' but argument is of type 'F_mpz *'
F_mpz_poly.c: In function 'F_mpz_poly_to_ZmodF_poly':
F_mpz_poly.c:4131:11: warning: pointer targets in assignment differ in signedness [-Wpointer-sign]
/opt/tadp/android-ndk-r8d/toolchains/arm-linux-androideabi-4.7/prebuilt/linux-x86/bin/arm-linux-androideabi-gcc --sysroot=/opt/tadp/android-ndk-r8d/platforms/android-14/arch-arm -std=c99 -I../gmp/libs/armeabi-v7a/include -I/usr/local/sage/sage-4.5.3/local/include -I../mpfr/libs/armeabi-v7a/include -funroll-loops  -O3 -pedantic -fomit-frame-pointer -Wa,--noexecstack -ffunction-sections -funwind-tables -fstack-protector -fno-strict-aliasing -finline-limit=64 -march=armv7-a -mfloat-abi=softfp -mfpu=vfp -g -O2 -o tinyQS.o -c QS/tinyQS.c
In file included from QS/../zn_poly/src/zn_poly.h:76:0,
                 from QS/../fmpz.h:39,
                 from QS/tinyQS.c:36:
QS/../zn_poly/src/wide_arith.h:293:2: warning: #warning is a GCC extension [enabled by default]
QS/../zn_poly/src/wide_arith.h:293:2: warning: #warning No assembly implementation of wide multiplication available for this machine; using generic C code instead. [-Wcpp]
/opt/tadp/android-ndk-r8d/toolchains/arm-linux-androideabi-4.7/prebuilt/linux-x86/bin/arm-linux-androideabi-gcc --sysroot=/opt/tadp/android-ndk-r8d/platforms/android-14/arch-arm -std=c99 -I../gmp/libs/armeabi-v7a/include -I/usr/local/sage/sage-4.5.3/local/include -I../mpfr/libs/armeabi-v7a/include -funroll-loops  -O3 -pedantic -fomit-frame-pointer -Wa,--noexecstack -ffunction-sections -funwind-tables -fstack-protector -fno-strict-aliasing -finline-limit=64 -march=armv7-a -mfloat-abi=softfp -mfpu=vfp -g -O2 -c QS/factor_base.c -o factor_base.o
In file included from QS/../zn_poly/src/zn_poly.h:76:0,
                 from QS/../fmpz.h:39,
                 from QS/common.h:34,
                 from QS/tinyQS.h:34,
                 from QS/factor_base.h:34,
                 from QS/factor_base.c:39:
QS/../zn_poly/src/wide_arith.h:293:2: warning: #warning is a GCC extension [enabled by default]
QS/../zn_poly/src/wide_arith.h:293:2: warning: #warning No assembly implementation of wide multiplication available for this machine; using generic C code instead. [-Wcpp]
/opt/tadp/android-ndk-r8d/toolchains/arm-linux-androideabi-4.7/prebuilt/linux-x86/bin/arm-linux-androideabi-gcc --sysroot=/opt/tadp/android-ndk-r8d/platforms/android-14/arch-arm -std=c99 -I../gmp/libs/armeabi-v7a/include -I/usr/local/sage/sage-4.5.3/local/include -I../mpfr/libs/armeabi-v7a/include -funroll-loops  -O3 -pedantic -fomit-frame-pointer -Wa,--noexecstack -ffunction-sections -funwind-tables -fstack-protector -fno-strict-aliasing -finline-limit=64 -march=armv7-a -mfloat-abi=softfp -mfpu=vfp -g -O2 -c QS/poly.c -o poly.o
In file included from QS/../zn_poly/src/zn_poly.h:76:0,
                 from QS/../fmpz.h:39,
                 from QS/common.h:34,
                 from QS/poly.h:34,
                 from QS/poly.c:40:
QS/../zn_poly/src/wide_arith.h:293:2: warning: #warning is a GCC extension [enabled by default]
QS/../zn_poly/src/wide_arith.h:293:2: warning: #warning No assembly implementation of wide multiplication available for this machine; using generic C code instead. [-Wcpp]
/opt/tadp/android-ndk-r8d/toolchains/arm-linux-androideabi-4.7/prebuilt/linux-x86/bin/arm-linux-androideabi-gcc --sysroot=/opt/tadp/android-ndk-r8d/platforms/android-14/arch-arm -std=c99 -I../gmp/libs/armeabi-v7a/include -I/usr/local/sage/sage-4.5.3/local/include -I../mpfr/libs/armeabi-v7a/include -funroll-loops  -O3 -pedantic -fomit-frame-pointer -Wa,--noexecstack -ffunction-sections -funwind-tables -fstack-protector -fno-strict-aliasing -finline-limit=64 -march=armv7-a -mfloat-abi=softfp -mfpu=vfp -g -O2 -c QS/sieve.c -o sieve.o
In file included from QS/../zn_poly/src/zn_poly.h:76:0,
                 from QS/../fmpz.h:39,
                 from QS/common.h:34,
                 from QS/sieve.c:38:
QS/../zn_poly/src/wide_arith.h:293:2: warning: #warning is a GCC extension [enabled by default]
QS/../zn_poly/src/wide_arith.h:293:2: warning: #warning No assembly implementation of wide multiplication available for this machine; using generic C code instead. [-Wcpp]
/opt/tadp/android-ndk-r8d/toolchains/arm-linux-androideabi-4.7/prebuilt/linux-x86/bin/arm-linux-androideabi-gcc --sysroot=/opt/tadp/android-ndk-r8d/platforms/android-14/arch-arm -std=c99 -I../gmp/libs/armeabi-v7a/include -I/usr/local/sage/sage-4.5.3/local/include -I../mpfr/libs/armeabi-v7a/include -funroll-loops  -O3 -pedantic -fomit-frame-pointer -Wa,--noexecstack -ffunction-sections -funwind-tables -fstack-protector -fno-strict-aliasing -finline-limit=64 -march=armv7-a -mfloat-abi=softfp -mfpu=vfp -g -O2 -c QS/linear_algebra.c -o linear_algebra.o
In file included from QS/../zn_poly/src/zn_poly.h:76:0,
                 from QS/../fmpz.h:39,
                 from QS/common.h:34,
                 from QS/linear_algebra.c:37:
QS/../zn_poly/src/wide_arith.h:293:2: warning: #warning is a GCC extension [enabled by default]
QS/../zn_poly/src/wide_arith.h:293:2: warning: #warning No assembly implementation of wide multiplication available for this machine; using generic C code instead. [-Wcpp]
/opt/tadp/android-ndk-r8d/toolchains/arm-linux-androideabi-4.7/prebuilt/linux-x86/bin/arm-linux-androideabi-gcc --sysroot=/opt/tadp/android-ndk-r8d/platforms/android-14/arch-arm -std=c99 -I../gmp/libs/armeabi-v7a/include -I/usr/local/sage/sage-4.5.3/local/include -I../mpfr/libs/armeabi-v7a/include -funroll-loops  -O3 -pedantic -fomit-frame-pointer -Wa,--noexecstack -ffunction-sections -funwind-tables -fstack-protector -fno-strict-aliasing -finline-limit=64 -march=armv7-a -mfloat-abi=softfp -mfpu=vfp -g -O2 -c QS/block_lanczos.c -o block_lanczos.o
/opt/tadp/android-ndk-r8d/toolchains/arm-linux-androideabi-4.7/prebuilt/linux-x86/bin/arm-linux-androideabi-gcc --sysroot=/opt/tadp/android-ndk-r8d/platforms/android-14/arch-arm -std=c99 -c zn_mod.o misc.o mul_ks.o pack.o mul.o mulmid.o mulmid_ks.o ks_support.o mpn_mulmid.o nuss.o pmf.o pmfvec_fft.o tuning.o mul_fft.o mul_fft_dft.o array.o invert.o mpn_extras.o mpz_extras.o memory-manager.o ZmodF.o ZmodF_mul.o ZmodF_mul-tuning.o fmpz.o fmpz_poly.o mpz_poly-tuning.o mpz_poly.o ZmodF_poly.o long_extras.o packed_vec.o zmod_poly.o F_mpz_mod_poly.o theta.o zmod_mat.o mpz_mat.o mpq_mat.o d_mat.o mpfr_mat.o F_mpz_mat.o F_mpz.o F_mpz_LLL.o F_mpz_poly.o tinyQS.o factor_base.o poly.o sieve.o linear_algebra.o block_lanczos.o -L../gmp/libs/armeabi-v7a/lib -L../mpfr/libs/armeabi-v7a/lib  -lgmp -lmpfr -lm
arm-linux-androideabi-gcc: warning: zn_mod.o: linker input file unused because linking not done
arm-linux-androideabi-gcc: warning: misc.o: linker input file unused because linking not done
arm-linux-androideabi-gcc: warning: mul_ks.o: linker input file unused because linking not done
arm-linux-androideabi-gcc: warning: pack.o: linker input file unused because linking not done
arm-linux-androideabi-gcc: warning: mul.o: linker input file unused because linking not done
arm-linux-androideabi-gcc: warning: mulmid.o: linker input file unused because linking not done
arm-linux-androideabi-gcc: warning: mulmid_ks.o: linker input file unused because linking not done
arm-linux-androideabi-gcc: warning: ks_support.o: linker input file unused because linking not done
arm-linux-androideabi-gcc: warning: mpn_mulmid.o: linker input file unused because linking not done
arm-linux-androideabi-gcc: warning: nuss.o: linker input file unused because linking not done
arm-linux-androideabi-gcc: warning: pmf.o: linker input file unused because linking not done
arm-linux-androideabi-gcc: warning: pmfvec_fft.o: linker input file unused because linking not done
arm-linux-androideabi-gcc: warning: tuning.o: linker input file unused because linking not done
arm-linux-androideabi-gcc: warning: mul_fft.o: linker input file unused because linking not done
arm-linux-androideabi-gcc: warning: mul_fft_dft.o: linker input file unused because linking not done
arm-linux-androideabi-gcc: warning: array.o: linker input file unused because linking not done
arm-linux-androideabi-gcc: warning: invert.o: linker input file unused because linking not done
arm-linux-androideabi-gcc: warning: mpn_extras.o: linker input file unused because linking not done
arm-linux-androideabi-gcc: warning: mpz_extras.o: linker input file unused because linking not done
arm-linux-androideabi-gcc: warning: memory-manager.o: linker input file unused because linking not done
arm-linux-androideabi-gcc: warning: ZmodF.o: linker input file unused because linking not done
arm-linux-androideabi-gcc: warning: ZmodF_mul.o: linker input file unused because linking not done
arm-linux-androideabi-gcc: warning: ZmodF_mul-tuning.o: linker input file unused because linking not done
arm-linux-androideabi-gcc: warning: fmpz.o: linker input file unused because linking not done
arm-linux-androideabi-gcc: warning: fmpz_poly.o: linker input file unused because linking not done
arm-linux-androideabi-gcc: warning: mpz_poly-tuning.o: linker input file unused because linking not done
arm-linux-androideabi-gcc: warning: mpz_poly.o: linker input file unused because linking not done
arm-linux-androideabi-gcc: warning: ZmodF_poly.o: linker input file unused because linking not done
arm-linux-androideabi-gcc: warning: long_extras.o: linker input file unused because linking not done
arm-linux-androideabi-gcc: warning: packed_vec.o: linker input file unused because linking not done
arm-linux-androideabi-gcc: warning: zmod_poly.o: linker input file unused because linking not done
arm-linux-androideabi-gcc: warning: F_mpz_mod_poly.o: linker input file unused because linking not done
arm-linux-androideabi-gcc: warning: theta.o: linker input file unused because linking not done
arm-linux-androideabi-gcc: warning: zmod_mat.o: linker input file unused because linking not done
arm-linux-androideabi-gcc: warning: mpz_mat.o: linker input file unused because linking not done
arm-linux-androideabi-gcc: warning: mpq_mat.o: linker input file unused because linking not done
arm-linux-androideabi-gcc: warning: d_mat.o: linker input file unused because linking not done
arm-linux-androideabi-gcc: warning: mpfr_mat.o: linker input file unused because linking not done
arm-linux-androideabi-gcc: warning: F_mpz_mat.o: linker input file unused because linking not done
arm-linux-androideabi-gcc: warning: F_mpz.o: linker input file unused because linking not done
arm-linux-androideabi-gcc: warning: F_mpz_LLL.o: linker input file unused because linking not done
arm-linux-androideabi-gcc: warning: F_mpz_poly.o: linker input file unused because linking not done
arm-linux-androideabi-gcc: warning: tinyQS.o: linker input file unused because linking not done
arm-linux-androideabi-gcc: warning: factor_base.o: linker input file unused because linking not done
arm-linux-androideabi-gcc: warning: poly.o: linker input file unused because linking not done
arm-linux-androideabi-gcc: warning: sieve.o: linker input file unused because linking not done
arm-linux-androideabi-gcc: warning: linear_algebra.o: linker input file unused because linking not done
arm-linux-androideabi-gcc: warning: block_lanczos.o: linker input file unused because linking not done
/opt/tadp/android-ndk-r8d/toolchains/arm-linux-androideabi-4.7/prebuilt/linux-x86/bin/arm-linux-androideabi-ar rcs libflint.a zn_mod.o misc.o mul_ks.o pack.o mul.o mulmid.o mulmid_ks.o ks_support.o mpn_mulmid.o nuss.o pmf.o pmfvec_fft.o tuning.o mul_fft.o mul_fft_dft.o array.o invert.o mpn_extras.o mpz_extras.o memory-manager.o ZmodF.o ZmodF_mul.o ZmodF_mul-tuning.o fmpz.o fmpz_poly.o mpz_poly-tuning.o mpz_poly.o ZmodF_poly.o long_extras.o packed_vec.o zmod_poly.o F_mpz_mod_poly.o theta.o zmod_mat.o mpz_mat.o mpq_mat.o d_mat.o mpfr_mat.o F_mpz_mat.o F_mpz.o F_mpz_LLL.o F_mpz_poly.o tinyQS.o factor_base.o poly.o sieve.o linear_algebra.o block_lanczos.o
